<?xml version="1.0" encoding="UTF-8"?>
<!-- Generated by org.testng.reporters.JUnitXMLReporter -->
<testsuite hostname="ubuntu" name="Command line test" tests="2" failures="0" timestamp="19 Mar 2015 12:19:52 GMT" time="17.502" errors="0">
  <testcase name="a_web_driver_needs_to_be_auto_closeable" time="7.035" classname="selcommns.WebDriverFactoryTest"/>
  <testcase name="by_default_should_return_instance_of_FireFoxDriver" time="3.778" classname="selcommns.WebDriverFactoryTest"/>
</testsuite> <!-- Command line test -->
