<?xml version="1.0" encoding="UTF-8"?>
<!-- Generated by org.testng.reporters.JUnitXMLReporter -->
<testsuite hostname="ubuntu" name="Utilities Package Test" tests="8" failures="4" timestamp="24 Mar 2015 17:05:12 GMT" time="0.128" errors="0">
  <testcase name="dev2_super_user_credentials_for_cps" time="0.022" classname="rc.qaportal.web.automation.aramark.utilities.SuperUserLoginUtilityTest"/>
  <testcase name="dev2_super_user_credentials_for_gespra" time="0.001" classname="rc.qaportal.web.automation.aramark.utilities.SuperUserLoginUtilityTest"/>
  <testcase name="login_super_dev2_cps" time="0.047" classname="rc.qaportal.web.automation.aramark.utilities.SuperUserLoginUtilityTest">
    <failure type="java.lang.NoSuchMethodError" message="selcommns.Factories$WebDriverFactory.getInstance()Lorg/openqa/selenium/WebDriver;">
      <![CDATA[java.lang.NoSuchMethodError: selcommns.Factories$WebDriverFactory.getInstance()Lorg/openqa/selenium/WebDriver;
	at rc.qaportal.web.automation.aramark.utilities.UserLoginUtility.loginToAramarkPortal(UserLoginUtility.java:15)
	at rc.qaportal.web.automation.aramark.utilities.SuperUserLoginUtility.loginAsSuperUser(SuperUserLoginUtility.java:32)
	at rc.qaportal.web.automation.aramark.utilities.SuperUserLoginUtilityTest.login_super_dev2_cps(SuperUserLoginUtilityTest.java:44)
... Removed 27 stack frames]]>
    </failure>
  </testcase> <!-- login_super_dev2_cps -->
  <testcase name="login_super_dev2_gespra" time="0.0" classname="rc.qaportal.web.automation.aramark.utilities.SuperUserLoginUtilityTest">
    <failure type="java.lang.NoSuchMethodError" message="selcommns.Factories$WebDriverFactory.getInstance()Lorg/openqa/selenium/WebDriver;">
      <![CDATA[java.lang.NoSuchMethodError: selcommns.Factories$WebDriverFactory.getInstance()Lorg/openqa/selenium/WebDriver;
	at rc.qaportal.web.automation.aramark.utilities.UserLoginUtility.loginToAramarkPortal(UserLoginUtility.java:15)
	at rc.qaportal.web.automation.aramark.utilities.SuperUserLoginUtility.loginAsSuperUser(SuperUserLoginUtility.java:32)
	at rc.qaportal.web.automation.aramark.utilities.SuperUserLoginUtilityTest.login_super_dev2_gespra(SuperUserLoginUtilityTest.java:51)
... Removed 27 stack frames]]>
    </failure>
  </testcase> <!-- login_super_dev2_gespra -->
  <testcase name="login_super_preqa_cps" time="0.001" classname="rc.qaportal.web.automation.aramark.utilities.SuperUserLoginUtilityTest">
    <failure type="java.lang.NoSuchMethodError" message="selcommns.Factories$WebDriverFactory.getInstance()Lorg/openqa/selenium/WebDriver;">
      <![CDATA[java.lang.NoSuchMethodError: selcommns.Factories$WebDriverFactory.getInstance()Lorg/openqa/selenium/WebDriver;
	at rc.qaportal.web.automation.aramark.utilities.UserLoginUtility.loginToAramarkPortal(UserLoginUtility.java:15)
	at rc.qaportal.web.automation.aramark.utilities.SuperUserLoginUtility.loginAsSuperUser(SuperUserLoginUtility.java:32)
	at rc.qaportal.web.automation.aramark.utilities.SuperUserLoginUtilityTest.login_super_preqa_cps(SuperUserLoginUtilityTest.java:58)
... Removed 27 stack frames]]>
    </failure>
  </testcase> <!-- login_super_preqa_cps -->
  <testcase name="login_super_preqa_gespra" time="0.0" classname="rc.qaportal.web.automation.aramark.utilities.SuperUserLoginUtilityTest">
    <failure type="java.lang.NoSuchMethodError" message="selcommns.Factories$WebDriverFactory.getInstance()Lorg/openqa/selenium/WebDriver;">
      <![CDATA[java.lang.NoSuchMethodError: selcommns.Factories$WebDriverFactory.getInstance()Lorg/openqa/selenium/WebDriver;
	at rc.qaportal.web.automation.aramark.utilities.UserLoginUtility.loginToAramarkPortal(UserLoginUtility.java:15)
	at rc.qaportal.web.automation.aramark.utilities.SuperUserLoginUtility.loginAsSuperUser(SuperUserLoginUtility.java:32)
	at rc.qaportal.web.automation.aramark.utilities.SuperUserLoginUtilityTest.login_super_preqa_gespra(SuperUserLoginUtilityTest.java:65)
... Removed 27 stack frames]]>
    </failure>
  </testcase> <!-- login_super_preqa_gespra -->
  <testcase name="preqa_super_user_credentials_for_cps" time="0.0" classname="rc.qaportal.web.automation.aramark.utilities.SuperUserLoginUtilityTest"/>
  <testcase name="preqa_super_user_credentials_for_gespra" time="0.0" classname="rc.qaportal.web.automation.aramark.utilities.SuperUserLoginUtilityTest"/>
</testsuite> <!-- Utilities Package Test -->
