<?xml version="1.0" encoding="UTF-8"?>
<testng-results skipped="0" failed="0" total="0" passed="0">
  <reporter-output>
  </reporter-output>
  <suite name="selcommns.WebdriverFactoryTest" duration-ms="19" started-at="2015-03-13T16:36:55Z" finished-at="2015-03-13T16:36:55Z">
    <groups>
    </groups>
    <test name="Command line test" duration-ms="19" started-at="2015-03-13T16:36:55Z" finished-at="2015-03-13T16:36:55Z">
    </test> <!-- Command line test -->
  </suite> <!-- selcommns.WebdriverFactoryTest -->
</testng-results>
