<?xml version="1.0" encoding="UTF-8"?>
<testng-results skipped="0" failed="0" total="2" passed="2">
  <reporter-output>
  </reporter-output>
  <suite name="selcommns.WebDriverFactoryTest" duration-ms="17502" started-at="2015-03-19T12:19:35Z" finished-at="2015-03-19T12:19:52Z">
    <groups>
    </groups>
    <test name="Command line test" duration-ms="17502" started-at="2015-03-19T12:19:35Z" finished-at="2015-03-19T12:19:52Z">
      <class name="selcommns.WebDriverFactoryTest">
        <test-method status="PASS" signature="init()[pri:0, instance:selcommns.WebDriverFactoryTest@29ca901e]" name="init" is-config="true" duration-ms="6673" started-at="2015-03-19T17:19:35Z" finished-at="2015-03-19T17:19:41Z">
          <reporter-output>
          </reporter-output>
        </test-method> <!-- init -->
        <test-method status="PASS" signature="a_web_driver_needs_to_be_auto_closeable()[pri:0, instance:selcommns.WebDriverFactoryTest@29ca901e]" name="a_web_driver_needs_to_be_auto_closeable" duration-ms="7035" started-at="2015-03-19T17:19:41Z" finished-at="2015-03-19T17:19:48Z">
          <reporter-output>
          </reporter-output>
        </test-method> <!-- a_web_driver_needs_to_be_auto_closeable -->
        <test-method status="PASS" signature="by_default_should_return_instance_of_FireFoxDriver()[pri:0, instance:selcommns.WebDriverFactoryTest@29ca901e]" name="by_default_should_return_instance_of_FireFoxDriver" duration-ms="3778" started-at="2015-03-19T17:19:48Z" finished-at="2015-03-19T17:19:52Z">
          <reporter-output>
          </reporter-output>
        </test-method> <!-- by_default_should_return_instance_of_FireFoxDriver -->
      </class> <!-- selcommns.WebDriverFactoryTest -->
    </test> <!-- Command line test -->
  </suite> <!-- selcommns.WebDriverFactoryTest -->
</testng-results>
