<?xml version="1.0" encoding="UTF-8"?>
<!-- Generated by org.testng.reporters.JUnitXMLReporter -->
<testsuite hostname="ubuntu" name="Command line test" tests="7" failures="0" timestamp="30 Mar 2015 10:18:58 GMT" time="0.226" errors="0">
  <testcase name="notNull" time="0.006" classname="com.rc.wefunit.probes.AssertTest"/>
  <testcase name="is_service_operation_exists" time="0.004" classname="com.rc.wefunit.GenericServiceOperationTestTest"/>
  <testcase name="is_service_operation_exists_method_should_have_Test_annotation" time="0.002" classname="com.rc.wefunit.GenericServiceOperationTestTest"/>
  <testcase name="prioritizeTestClassesForExecution" time="0.006" classname="com.rc.wefunit.RunnerTest"/>
  <testcase name="scan_for_test_classes" time="0.084" classname="com.rc.wefunit.RunnerTest"/>
  <testcase name="scan_for_test_classes_must_throw_IllegalStateException_when_WEB_INF_dir_is_not_a_wef_project" time="0.007" classname="com.rc.wefunit.RunnerTest"/>
  <testcase name="web_INF_directory_path_web_inf_as_last_directory" time="0.013" classname="com.rc.wefunit.RunnerTest"/>
</testsuite> <!-- Command line test -->
