<?xml version="1.0" encoding="UTF-8"?>
<!-- Generated by org.testng.reporters.JUnitXMLReporter -->
<testsuite hostname="ubuntu" name="Command line test" tests="3" failures="0" timestamp="26 Mar 2015 00:38:20 GMT" time="0.225" errors="0">
  <testcase name="notNull" time="0.029" classname="com.rc.wefunit.probes.AssertTest"/>
  <testcase name="web_INF_directory_path_verify_that_this_is_a_wef_project" time="0.103" classname="com.rc.wefunit.RunnerTest"/>
  <testcase name="web_INF_directory_path_web_inf_as_last_directory" time="0.02" classname="com.rc.wefunit.RunnerTest"/>
</testsuite> <!-- Command line test -->
