<?xml version="1.0" encoding="UTF-8"?>
<testsuite name="TestSuite" time="0.184" tests="33" errors="0" skipped="0" failures="0">
  <properties>
[...]
</properties>
  <testcase name="instantiate_subclass_of_GenericServiceOperationTest_dataServiceName_field_injection_Test_1" classname="com.rc.wefunit.TestClassInstantiationUtilityTest" time="0.024"/>
  <testcase name="instantiate_subclass_of_GenericServiceOperationTest_dataServiceName_field_injection_Test_2" classname="com.rc.wefunit.TestClassInstantiationUtilityTest" time="0.001"/>
  <testcase name="instantiate_subclass_of_GenericServiceOperationTest_serviceOperationName" classname="com.rc.wefunit.TestClassInstantiationUtilityTest" time="0.004"/>
  <testcase name="instantiate_subclass_of_GenericServiceOperationTest_serviceOperationName_field_1" classname="com.rc.wefunit.TestClassInstantiationUtilityTest" time="0.003"/>
  <testcase name="instantiate_subclass_of_GenericServiceOperationTest_serviceOperationName_field_2" classname="com.rc.wefunit.TestClassInstantiationUtilityTest" time="0"/>
  <testcase name="is_a_Qualifier" classname="com.rc.wefunit.annotations.GenericSODependencyTest" time="0.008"/>
  <testcase name="is_annotation_GenericSODependency" classname="com.rc.wefunit.annotations.GenericSODependencyTest" time="0.001"/>
  <testcase name="is_dependency_method_present" classname="com.rc.wefunit.annotations.GenericSODependencyTest" time="0.001"/>
  <testcase name="BeforeClass_annotation" classname="com.rc.wefunit.annotations.BeforeClassTest" time="0.001"/>
  <testcase name="BeforeClass_annotation_RetentionPolicy_RUNTIME" classname="com.rc.wefunit.annotations.BeforeClassTest" time="0.001"/>
  <testcase name="BeforeClass_annotation_Target_METHOD" classname="com.rc.wefunit.annotations.BeforeClassTest" time="0.001"/>
  <testcase name="BeforeClass_annotation_enabled_method_default_value_true" classname="com.rc.wefunit.annotations.BeforeClassTest" time="0.001"/>
  <testcase name="DATA_SERVICE_NAME" classname="com.rc.wefunit.enums.GenericSOInjectablesTest" time="0.001"/>
  <testcase name="SERVICE_OPERATION_NAME" classname="com.rc.wefunit.enums.GenericSOInjectablesTest" time="0"/>
  <testcase name="notNull" classname="com.rc.wefunit.probes.AssertTest" time="0.004"/>
  <testcase name="getTestClassesSet" classname="com.rc.wefunit.RunnerTest" time="0.067"/>
  <testcase name="scan_for_test_classes" classname="com.rc.wefunit.RunnerTest" time="0.014"/>
  <testcase name="scan_for_test_classes_must_throw_IllegalStateException_when_WEB_INF_dir_is_not_a_wef_project" classname="com.rc.wefunit.RunnerTest" time="0.014"/>
  <testcase name="web_INF_directory_path_web_inf_as_last_directory" classname="com.rc.wefunit.RunnerTest" time="0.014"/>
  <testcase name="getter_for_dataServiceName" classname="com.rc.wefunit.GenericServiceOperationTestTest" time="0.001"/>
  <testcase name="getter_for_serviceOperationName" classname="com.rc.wefunit.GenericServiceOperationTestTest" time="0"/>
  <testcase name="getter_for_webAppAccess" classname="com.rc.wefunit.GenericServiceOperationTestTest" time="0.001"/>
  <testcase name="is_dataServiceName_string_field_contains_Inject_annotation" classname="com.rc.wefunit.GenericServiceOperationTestTest" time="0.005"/>
  <testcase name="is_dataServiceName_string_field_is_present" classname="com.rc.wefunit.GenericServiceOperationTestTest" time="0.006"/>
  <testcase name="is_serviceOperationName_string_field_contains_Inject_annotation" classname="com.rc.wefunit.GenericServiceOperationTestTest" time="0"/>
  <testcase name="is_serviceOperationName_string_field_is_protected" classname="com.rc.wefunit.GenericServiceOperationTestTest" time="0"/>
  <testcase name="is_serviceOperationName_string_field_present" classname="com.rc.wefunit.GenericServiceOperationTestTest" time="0.001"/>
  <testcase name="is_service_operation_exists_Method_exists" classname="com.rc.wefunit.GenericServiceOperationTestTest" time="0"/>
  <testcase name="is_service_operation_exists_method_should_have_Test_annotation" classname="com.rc.wefunit.GenericServiceOperationTestTest" time="0.002"/>
  <testcase name="is_service_operation_name_is_in_correct_format_Method_contains_BeforeClass_annotation" classname="com.rc.wefunit.GenericServiceOperationTestTest" time="0.002"/>
  <testcase name="is_service_operation_name_is_in_correct_format_Method_exists" classname="com.rc.wefunit.GenericServiceOperationTestTest" time="0.001"/>
  <testcase name="is_webAppAccess_field_with_service_consumer_fixtures_annotation_available" classname="com.rc.wefunit.GenericServiceOperationTestTest" time="0.004"/>
  <testcase name="is_webAppAccess_field_with_service_consumer_fixtures_annotation_is_protected" classname="com.rc.wefunit.GenericServiceOperationTestTest" time="0.001"/>
</testsuite>