-------------------------------------------------------------------------------
Test set: TestSuite
-------------------------------------------------------------------------------
Tests run: 73, Failures: 2, Errors: 0, Skipped: 0, Time elapsed: 2.026 sec <<< FAILURE! - in TestSuite
instantiate_subclass_of_GenericServiceOperationTest_webAppAccess_field_injection(com.rc.wefunit.TestClassInstantiationUtilityTest)  Time elapsed: 0.014 sec  <<< FAILURE!
java.lang.AssertionError: expected object to not be null
	at com.rc.wefunit.TestClassInstantiationUtilityTest.instantiate_subclass_of_GenericServiceOperationTest_webAppAccess_field_injection(TestClassInstantiationUtilityTest.java:101)

inject_method_with_2_parameters_Field_and_Object__GenericServiceOperationTest_webAppAccessSC_field_injection_Test_1(com.rc.wefunit.FixtureDependencyInjectorUtilityTest)  Time elapsed: 0.001 sec  <<< FAILURE!
java.lang.AssertionError: expected object to not be null
	at com.rc.wefunit.FixtureDependencyInjectorUtilityTest.inject_method_with_2_parameters_Field_and_Object__GenericServiceOperationTest_webAppAccessSC_field_injection_Test_1(FixtureDependencyInjectorUtilityTest.java:135)

