-------------------------------------------------------------------------------
Test set: TestSuite
-------------------------------------------------------------------------------
Tests run: 118, Failures: 1, Errors: 0, Skipped: 0, Time elapsed: 3.358 sec <<< FAILURE! - in TestSuite
singleton_test(com.rc.wefunit.testengine.TestEngineTest)  Time elapsed: 0.018 sec  <<< FAILURE!
java.lang.AssertionError: expected [true] but found [false]
	at com.rc.wefunit.testengine.TestEngineTest.singleton_test(TestEngineTest.java:69)

