<?xml version="1.0" encoding="UTF-8"?>
<testng-results skipped="0" failed="0" total="4" passed="4">
  <reporter-output>
  </reporter-output>
  <suite name="Command line suite" duration-ms="158" started-at="2015-03-24T16:57:42Z" finished-at="2015-03-24T16:57:42Z">
    <groups>
    </groups>
    <test name="Command line test" duration-ms="158" started-at="2015-03-24T16:57:42Z" finished-at="2015-03-24T16:57:42Z">
      <class name="com.rc.wefunit.RunnerTest">
        <test-method status="PASS" signature="web_INF_directory_path_not_null(com.bowstreet.util.SystemProperties)[pri:0, instance:com.rc.wefunit.RunnerTest@482f8f11]" name="web_INF_directory_path_not_null" duration-ms="68" started-at="2015-03-24T21:57:42Z" finished-at="2015-03-24T21:57:42Z">
          <reporter-output>
          </reporter-output>
        </test-method> <!-- web_INF_directory_path_not_null -->
        <test-method status="PASS" signature="web_INF_directory_path_verify_that_this_is_a_wef_project(com.bowstreet.util.SystemProperties)[pri:0, instance:com.rc.wefunit.RunnerTest@482f8f11]" name="web_INF_directory_path_verify_that_this_is_a_wef_project" duration-ms="15" started-at="2015-03-24T21:57:42Z" finished-at="2015-03-24T21:57:42Z">
          <reporter-output>
          </reporter-output>
        </test-method> <!-- web_INF_directory_path_verify_that_this_is_a_wef_project -->
        <test-method status="PASS" signature="web_INF_directory_path_web_inf_as_last_directory(com.bowstreet.util.SystemProperties)[pri:0, instance:com.rc.wefunit.RunnerTest@482f8f11]" name="web_INF_directory_path_web_inf_as_last_directory" duration-ms="15" started-at="2015-03-24T21:57:42Z" finished-at="2015-03-24T21:57:42Z">
          <reporter-output>
          </reporter-output>
        </test-method> <!-- web_INF_directory_path_web_inf_as_last_directory -->
      </class> <!-- com.rc.wefunit.RunnerTest -->
      <class name="com.rc.wefunit.probes.AssertTest">
        <test-method status="PASS" signature="notNull()[pri:0, instance:com.rc.wefunit.probes.AssertTest@1d057a39]" name="notNull" duration-ms="17" started-at="2015-03-24T21:57:42Z" finished-at="2015-03-24T21:57:42Z">
          <reporter-output>
          </reporter-output>
        </test-method> <!-- notNull -->
      </class> <!-- com.rc.wefunit.probes.AssertTest -->
    </test> <!-- Command line test -->
  </suite> <!-- Command line suite -->
</testng-results>
