<?xml version="1.0" encoding="UTF-8"?>
<testng-results skipped="0" failed="0" total="1" passed="1">
  <reporter-output>
  </reporter-output>
  <suite name="str.frmt.validators.EmailValidatorTest" duration-ms="33" started-at="2015-03-05T11:45:01Z" finished-at="2015-03-05T11:45:01Z">
    <groups>
    </groups>
    <test name="Command line test" duration-ms="33" started-at="2015-03-05T11:45:01Z" finished-at="2015-03-05T11:45:01Z">
      <class name="str.frmt.validators.EmailValidatorTest">
        <test-method status="PASS" signature="plain_email_test()[pri:0, instance:str.frmt.validators.EmailValidatorTest@7d417077]" name="plain_email_test" duration-ms="17" started-at="2015-03-05T16:45:01Z" finished-at="2015-03-05T16:45:01Z">
          <reporter-output>
          </reporter-output>
        </test-method> <!-- plain_email_test -->
      </class> <!-- str.frmt.validators.EmailValidatorTest -->
    </test> <!-- Command line test -->
  </suite> <!-- str.frmt.validators.EmailValidatorTest -->
</testng-results>
