<?xml version="1.0" encoding="UTF-8"?>
<testng-results skipped="0" failed="0" total="2" passed="2">
  <reporter-output>
  </reporter-output>
  <suite name="jdkhttprestserver.RestTestingServerTest" duration-ms="3565" started-at="2015-02-02T00:16:58Z" finished-at="2015-02-02T00:17:02Z">
    <groups>
    </groups>
    <test name="Command line test" duration-ms="3565" started-at="2015-02-02T00:16:58Z" finished-at="2015-02-02T00:17:02Z">
      <class name="jdkhttprestserver.RestTestingServerTest">
        <test-method status="PASS" signature="beforeTest()" name="beforeTest" is-config="true" duration-ms="8" started-at="2015-02-02T00:16:58Z" finished-at="2015-02-02T00:16:58Z">
        </test-method>
        <test-method status="PASS" signature="if_port_8080_is_unavailable_then_search_for_8081_or_onwards()" name="if_port_8080_is_unavailable_then_search_for_8081_or_onwards" duration-ms="2957" started-at="2015-02-02T00:16:58Z" finished-at="2015-02-02T00:17:01Z">
        </test-method>
        <test-method status="PASS" signature="server_should_start_on_localhost_8080_when_rest_Application_is_passed_to_it()" name="server_should_start_on_localhost_8080_when_rest_Application_is_passed_to_it" duration-ms="591" started-at="2015-02-02T00:17:01Z" finished-at="2015-02-02T00:17:02Z">
        </test-method>
      </class>
    </test>
  </suite>
</testng-results>
