<?xml version="1.0" encoding="UTF-8" ?>
<testsuite tests="6" failures="0" name="jdkhttprestserver.RestTestingServerTest" time="10.91" errors="0" skipped="0">
  <properties>
[...]
</properties>
  <testcase classname="jdkhttprestserver.RestTestingServerTest" name="if_port_8080_is_unavailable_then_search_for_8081_or_onwards" time="5.529"/>
  <testcase classname="jdkhttprestserver.RestTestingServerTest" name="server_should_be_autocloseable" time="2.2"/>
  <testcase classname="jdkhttprestserver.RestTestingServerTest" name="server_should_deploy_the_application_to_the_same_app_context_which_is_defined_in_applicationpath_annnotation" time="0.528"/>
  <testcase classname="jdkhttprestserver.RestTestingServerTest" name="server_should_return_int_as_port_number_on_which_it_is_listening_To" time="1.163"/>
  <testcase classname="jdkhttprestserver.RestTestingServerTest" name="server_should_start_on_localhost_8080_when_rest_Application_is_passed_to_it" time="1.14"/>
  <testcase classname="jdkhttprestserver.RestTestingServerTest" name="should_be_able_to_pass_the_app_context_name_as_parameter_when_starting_the_server" time="0.35"/>
</testsuite>