<?xml version="1.0" encoding="UTF-8"?>
<!-- Generated by org.testng.reporters.JUnitXMLReporter -->
<testsuite hostname="ubuntu" name="Command line test" tests="3" failures="0" timestamp="5 Mar 2015 12:07:41 GMT" time="0.037" errors="0">
  <testcase name="must_return_regex_as_string" time="0.02" classname="str.frmt.validators.EmailValidatorTest"/>
  <testcase name="must_throw_illegal_args_exception_when_email_is_null" time="0.0" classname="str.frmt.validators.EmailValidatorTest"/>
  <testcase name="plain_email_test" time="0.003" classname="str.frmt.validators.EmailValidatorTest"/>
</testsuite> <!-- Command line test -->
