<?xml version="1.0" encoding="UTF-8" ?>
<testsuite tests="33" failures="0" name="TestSuite" time="0.064" errors="0" skipped="0">
  <properties>
[...]
</properties>
  <testcase classname="str.frmt.validators.EmailValidator_DomainName_Test" name="domain_names_can_contain_A_TO_Z_characters" time="0.031"/>
  <testcase classname="str.frmt.validators.EmailValidator_DomainName_Test" name="domain_names_can_contain_a_to_z_characters" time="0.003"/>
  <testcase classname="str.frmt.validators.EmailValidator_DomainName_Test" name="domain_names_can_contain_valid_ip_addresses_within_square_brackets1" time="0.001"/>
  <testcase classname="str.frmt.validators.EmailValidator_DomainName_Test" name="domain_names_can_contain_valid_ip_addresses_within_square_brackets2" time="0.023"/>
  <testcase classname="str.frmt.validators.EmailValidator_DomainName_Test" name="domain_names_can_not_contain_more_than_64_characters" time="0.001"/>
  <testcase classname="str.frmt.validators.EmailValidator_LocalPart_Test" name="must_return_regex_as_string" time="0"/>
  <testcase classname="str.frmt.validators.EmailValidator_LocalPart_Test" name="must_throw_illegal_args_exception_when_email_is_null" time="0"/>
  <testcase classname="str.frmt.validators.EmailValidator_LocalPart_Test" name="plain_email_test" time="0"/>
  <testcase classname="str.frmt.validators.EmailValidator_LocalPart_Test" name="validate_2_consecutive_dots_at_the_end_of_local_part_is_invalid" time="0"/>
  <testcase classname="str.frmt.validators.EmailValidator_LocalPart_Test" name="validate_UPPER_CASE_LETTERS_A_TO_Z_are_valid_in_local_part" time="0"/>
  <testcase classname="str.frmt.validators.EmailValidator_LocalPart_Test" name="validate_UPPER_CASE_letters_a_to_z_are_valid_at_the_start_of_local_part" time="0.001"/>
  <testcase classname="str.frmt.validators.EmailValidator_LocalPart_Test" name="validate_UPPER_CASE_plus_lower_case_letters_a_to_z_are_valid_in_local_part" time="0"/>
  <testcase classname="str.frmt.validators.EmailValidator_LocalPart_Test" name="validate_local_part_containing_at_the_rate_character_is_in_valid" time="0"/>
  <testcase classname="str.frmt.validators.EmailValidator_LocalPart_Test" name="validate_local_part_containing_colon_character_is_in_valid" time="0"/>
  <testcase classname="str.frmt.validators.EmailValidator_LocalPart_Test" name="validate_local_part_containing_comments_is_in_valid" time="0"/>
  <testcase classname="str.frmt.validators.EmailValidator_LocalPart_Test" name="validate_local_part_containing_digits_from_0_to_9_is_valid" time="0"/>
  <testcase classname="str.frmt.validators.EmailValidator_LocalPart_Test" name="validate_local_part_containing_underscore_is_valid" time="0"/>
  <testcase classname="str.frmt.validators.EmailValidator_LocalPart_Test" name="validate_local_part_ending_with_at_the_rate_character_is_in_valid" time="0"/>
  <testcase classname="str.frmt.validators.EmailValidator_LocalPart_Test" name="validate_local_part_ending_with_colon_character_is_in_valid" time="0"/>
  <testcase classname="str.frmt.validators.EmailValidator_LocalPart_Test" name="validate_local_part_ending_with_comments_is_valid" time="0"/>
  <testcase classname="str.frmt.validators.EmailValidator_LocalPart_Test" name="validate_local_part_ending_with_digits_from_0_to_9_is_valid" time="0"/>
  <testcase classname="str.frmt.validators.EmailValidator_LocalPart_Test" name="validate_local_part_ending_with_underscore_is_valid" time="0"/>
  <testcase classname="str.frmt.validators.EmailValidator_LocalPart_Test" name="validate_local_part_starting_from_0_to_9_is_valid" time="0.001"/>
  <testcase classname="str.frmt.validators.EmailValidator_LocalPart_Test" name="validate_local_part_starting_with_and_ending_with_empty_comments_is_valid" time="0.001"/>
  <testcase classname="str.frmt.validators.EmailValidator_LocalPart_Test" name="validate_local_part_starting_with_at_the_rate_character_is_in_valid" time="0"/>
  <testcase classname="str.frmt.validators.EmailValidator_LocalPart_Test" name="validate_local_part_starting_with_colon_character_is_in_valid" time="0"/>
  <testcase classname="str.frmt.validators.EmailValidator_LocalPart_Test" name="validate_local_part_starting_with_comments_is_valid" time="0.001"/>
  <testcase classname="str.frmt.validators.EmailValidator_LocalPart_Test" name="validate_local_part_starting_with_underscore_is_valid" time="0.001"/>
  <testcase classname="str.frmt.validators.EmailValidator_LocalPart_Test" name="validate_single_dot_at_the_beginning_of_local_part_is_invalid" time="0"/>
  <testcase classname="str.frmt.validators.EmailValidator_LocalPart_Test" name="validate_single_dot_at_the_end_of_local_part_is_invalid" time="0"/>
  <testcase classname="str.frmt.validators.EmailValidator_LocalPart_Test" name="validate_single_dot_in_between_the_local_part_is_valid" time="0"/>
  <testcase classname="str.frmt.validators.EmailValidator_LocalPart_Test" name="validate_two_consecutive_dots_in_local_part_is_invalid" time="0"/>
  <testcase classname="str.frmt.validators.EmailValidator_LocalPart_Test" name="validate_two_single_dots_at_the_beginning_of_local_part_is_invalid" time="0"/>
</testsuite>