<?xml version="1.0" encoding="UTF-8"?>
<!-- Generated by org.testng.reporters.JUnitXMLReporter -->
<testsuite hostname="ubuntu" name="T1" tests="16" failures="0" timestamp="7 Apr 2015 13:47:02 GMT" time="0.085" errors="0">
  <testcase name="constructorTest" time="0.035" classname="com.rc.wefunit.FixtureDependencyTest"/>
  <testcase name="dependencySignature_field" time="0.0" classname="com.rc.wefunit.FixtureDependencyTest"/>
  <testcase name="dependencySignature_field_is_private" time="0.001" classname="com.rc.wefunit.FixtureDependencyTest"/>
  <testcase name="dependencySignature_field_is_private_final" time="0.0" classname="com.rc.wefunit.FixtureDependencyTest"/>
  <testcase name="dependencySignature_field_is_private_is_of_type_DependencySignature" time="0.001" classname="com.rc.wefunit.FixtureDependencyTest"/>
  <testcase name="existence_of_class" time="0.001" classname="com.rc.wefunit.FixtureDependencyTest"/>
  <testcase name="getDependency" time="0.0" classname="com.rc.wefunit.FixtureDependencyTest"/>
  <testcase name="getDependencyMethodName_method_return_type_is_Object" time="0.001" classname="com.rc.wefunit.FixtureDependencyTest"/>
  <testcase name="getDependency_method_is_public" time="0.0" classname="com.rc.wefunit.FixtureDependencyTest"/>
  <testcase name="getSignature" time="0.001" classname="com.rc.wefunit.FixtureDependencyTest"/>
  <testcase name="getSignature_method_is_public" time="0.0" classname="com.rc.wefunit.FixtureDependencyTest"/>
  <testcase name="getSignature_method_return_type_is_DependencySignature" time="0.0" classname="com.rc.wefunit.FixtureDependencyTest"/>
  <testcase name="producerMethod_field" time="0.0" classname="com.rc.wefunit.FixtureDependencyTest"/>
  <testcase name="producerMethod_field_is_private" time="0.0" classname="com.rc.wefunit.FixtureDependencyTest"/>
  <testcase name="producerMethod_field_is_private_final" time="0.0" classname="com.rc.wefunit.FixtureDependencyTest"/>
  <testcase name="producerMethod_field_is_private_is_of_type_Method" time="0.0" classname="com.rc.wefunit.FixtureDependencyTest"/>
</testsuite> <!-- T1 -->
