<?xml version="1.0" encoding="UTF-8"?>
<testng-results skipped="0" failed="0" total="0" passed="0">
  <reporter-output>
  </reporter-output>
  <suite name="office-desktop" duration-ms="6" started-at="2015-03-30T14:30:38Z" finished-at="2015-03-30T14:30:38Z">
    <groups>
    </groups>
    <test name="Utilities Package Test" duration-ms="6" started-at="2015-03-30T14:30:38Z" finished-at="2015-03-30T14:30:38Z">
    </test> <!-- Utilities Package Test -->
  </suite> <!-- office-desktop -->
</testng-results>
