<?xml version="1.0" encoding="UTF-8"?>
<testng-results skipped="0" failed="4" total="8" passed="4">
  <reporter-output>
  </reporter-output>
  <suite name="office-desktop" duration-ms="128" started-at="2015-03-24T17:05:12Z" finished-at="2015-03-24T17:05:12Z">
    <groups>
    </groups>
    <test name="Utilities Package Test" duration-ms="128" started-at="2015-03-24T17:05:12Z" finished-at="2015-03-24T17:05:12Z">
      <class name="rc.qaportal.web.automation.aramark.utilities.SuperUserLoginUtilityTest">
        <test-method status="PASS" signature="dev2_super_user_credentials_for_cps()[pri:0, instance:rc.qaportal.web.automation.aramark.utilities.SuperUserLoginUtilityTest@3cb5cdba]" name="dev2_super_user_credentials_for_cps" duration-ms="22" started-at="2015-03-24T22:05:12Z" finished-at="2015-03-24T22:05:12Z">
          <reporter-output>
          </reporter-output>
        </test-method> <!-- dev2_super_user_credentials_for_cps -->
        <test-method status="PASS" signature="dev2_super_user_credentials_for_gespra()[pri:0, instance:rc.qaportal.web.automation.aramark.utilities.SuperUserLoginUtilityTest@3cb5cdba]" name="dev2_super_user_credentials_for_gespra" duration-ms="1" started-at="2015-03-24T22:05:12Z" finished-at="2015-03-24T22:05:12Z">
          <reporter-output>
          </reporter-output>
        </test-method> <!-- dev2_super_user_credentials_for_gespra -->
        <test-method status="FAIL" signature="login_super_dev2_cps()[pri:0, instance:rc.qaportal.web.automation.aramark.utilities.SuperUserLoginUtilityTest@3cb5cdba]" name="login_super_dev2_cps" duration-ms="47" started-at="2015-03-24T22:05:12Z" finished-at="2015-03-24T22:05:12Z">
          <exception class="java.lang.NoSuchMethodError">
            <message>
              <![CDATA[selcommns.Factories$WebDriverFactory.getInstance()Lorg/openqa/selenium/WebDriver;]]>
            </message>
            <full-stacktrace>
              <![CDATA[java.lang.NoSuchMethodError: selcommns.Factories$WebDriverFactory.getInstance()Lorg/openqa/selenium/WebDriver;
	at rc.qaportal.web.automation.aramark.utilities.UserLoginUtility.loginToAramarkPortal(UserLoginUtility.java:15)
	at rc.qaportal.web.automation.aramark.utilities.SuperUserLoginUtility.loginAsSuperUser(SuperUserLoginUtility.java:32)
	at rc.qaportal.web.automation.aramark.utilities.SuperUserLoginUtilityTest.login_super_dev2_cps(SuperUserLoginUtilityTest.java:44)
	at sun.reflect.NativeMethodAccessorImpl.invoke0(Native Method)
	at sun.reflect.NativeMethodAccessorImpl.invoke(NativeMethodAccessorImpl.java:62)
	at sun.reflect.DelegatingMethodAccessorImpl.invoke(DelegatingMethodAccessorImpl.java:43)
	at java.lang.reflect.Method.invoke(Method.java:483)
	at org.testng.internal.MethodInvocationHelper.invokeMethod(MethodInvocationHelper.java:85)
	at org.testng.internal.Invoker.invokeMethod(Invoker.java:696)
	at org.testng.internal.Invoker.invokeTestMethod(Invoker.java:882)
	at org.testng.internal.Invoker.invokeTestMethods(Invoker.java:1189)
	at org.testng.internal.TestMethodWorker.invokeTestMethods(TestMethodWorker.java:124)
	at org.testng.internal.TestMethodWorker.run(TestMethodWorker.java:108)
	at org.testng.TestRunner.privateRun(TestRunner.java:767)
	at org.testng.TestRunner.run(TestRunner.java:617)
	at org.testng.SuiteRunner.runTest(SuiteRunner.java:348)
	at org.testng.SuiteRunner.runSequentially(SuiteRunner.java:343)
	at org.testng.SuiteRunner.privateRun(SuiteRunner.java:305)
	at org.testng.SuiteRunner.run(SuiteRunner.java:254)
	at org.testng.SuiteRunnerWorker.runSuite(SuiteRunnerWorker.java:52)
	at org.testng.SuiteRunnerWorker.run(SuiteRunnerWorker.java:86)
	at org.testng.TestNG.runSuitesSequentially(TestNG.java:1224)
	at org.testng.TestNG.runSuitesLocally(TestNG.java:1149)
	at org.testng.TestNG.run(TestNG.java:1057)
	at org.apache.maven.surefire.testng.TestNGExecutor.run(TestNGExecutor.java:295)
	at org.apache.maven.surefire.testng.TestNGXmlTestSuite.execute(TestNGXmlTestSuite.java:84)
	at org.apache.maven.surefire.testng.TestNGProvider.invoke(TestNGProvider.java:90)
	at org.apache.maven.surefire.booter.ForkedBooter.invokeProviderInSameClassLoader(ForkedBooter.java:203)
	at org.apache.maven.surefire.booter.ForkedBooter.runSuitesInProcess(ForkedBooter.java:155)
	at org.apache.maven.surefire.booter.ForkedBooter.main(ForkedBooter.java:103)
]]>
            </full-stacktrace>
          </exception> <!-- java.lang.NoSuchMethodError -->
          <reporter-output>
          </reporter-output>
        </test-method> <!-- login_super_dev2_cps -->
        <test-method status="FAIL" signature="login_super_dev2_gespra()[pri:0, instance:rc.qaportal.web.automation.aramark.utilities.SuperUserLoginUtilityTest@3cb5cdba]" name="login_super_dev2_gespra" duration-ms="0" started-at="2015-03-24T22:05:12Z" finished-at="2015-03-24T22:05:12Z">
          <exception class="java.lang.NoSuchMethodError">
            <message>
              <![CDATA[selcommns.Factories$WebDriverFactory.getInstance()Lorg/openqa/selenium/WebDriver;]]>
            </message>
            <full-stacktrace>
              <![CDATA[java.lang.NoSuchMethodError: selcommns.Factories$WebDriverFactory.getInstance()Lorg/openqa/selenium/WebDriver;
	at rc.qaportal.web.automation.aramark.utilities.UserLoginUtility.loginToAramarkPortal(UserLoginUtility.java:15)
	at rc.qaportal.web.automation.aramark.utilities.SuperUserLoginUtility.loginAsSuperUser(SuperUserLoginUtility.java:32)
	at rc.qaportal.web.automation.aramark.utilities.SuperUserLoginUtilityTest.login_super_dev2_gespra(SuperUserLoginUtilityTest.java:51)
	at sun.reflect.NativeMethodAccessorImpl.invoke0(Native Method)
	at sun.reflect.NativeMethodAccessorImpl.invoke(NativeMethodAccessorImpl.java:62)
	at sun.reflect.DelegatingMethodAccessorImpl.invoke(DelegatingMethodAccessorImpl.java:43)
	at java.lang.reflect.Method.invoke(Method.java:483)
	at org.testng.internal.MethodInvocationHelper.invokeMethod(MethodInvocationHelper.java:85)
	at org.testng.internal.Invoker.invokeMethod(Invoker.java:696)
	at org.testng.internal.Invoker.invokeTestMethod(Invoker.java:882)
	at org.testng.internal.Invoker.invokeTestMethods(Invoker.java:1189)
	at org.testng.internal.TestMethodWorker.invokeTestMethods(TestMethodWorker.java:124)
	at org.testng.internal.TestMethodWorker.run(TestMethodWorker.java:108)
	at org.testng.TestRunner.privateRun(TestRunner.java:767)
	at org.testng.TestRunner.run(TestRunner.java:617)
	at org.testng.SuiteRunner.runTest(SuiteRunner.java:348)
	at org.testng.SuiteRunner.runSequentially(SuiteRunner.java:343)
	at org.testng.SuiteRunner.privateRun(SuiteRunner.java:305)
	at org.testng.SuiteRunner.run(SuiteRunner.java:254)
	at org.testng.SuiteRunnerWorker.runSuite(SuiteRunnerWorker.java:52)
	at org.testng.SuiteRunnerWorker.run(SuiteRunnerWorker.java:86)
	at org.testng.TestNG.runSuitesSequentially(TestNG.java:1224)
	at org.testng.TestNG.runSuitesLocally(TestNG.java:1149)
	at org.testng.TestNG.run(TestNG.java:1057)
	at org.apache.maven.surefire.testng.TestNGExecutor.run(TestNGExecutor.java:295)
	at org.apache.maven.surefire.testng.TestNGXmlTestSuite.execute(TestNGXmlTestSuite.java:84)
	at org.apache.maven.surefire.testng.TestNGProvider.invoke(TestNGProvider.java:90)
	at org.apache.maven.surefire.booter.ForkedBooter.invokeProviderInSameClassLoader(ForkedBooter.java:203)
	at org.apache.maven.surefire.booter.ForkedBooter.runSuitesInProcess(ForkedBooter.java:155)
	at org.apache.maven.surefire.booter.ForkedBooter.main(ForkedBooter.java:103)
]]>
            </full-stacktrace>
          </exception> <!-- java.lang.NoSuchMethodError -->
          <reporter-output>
          </reporter-output>
        </test-method> <!-- login_super_dev2_gespra -->
        <test-method status="FAIL" signature="login_super_preqa_cps()[pri:0, instance:rc.qaportal.web.automation.aramark.utilities.SuperUserLoginUtilityTest@3cb5cdba]" name="login_super_preqa_cps" duration-ms="1" started-at="2015-03-24T22:05:12Z" finished-at="2015-03-24T22:05:12Z">
          <exception class="java.lang.NoSuchMethodError">
            <message>
              <![CDATA[selcommns.Factories$WebDriverFactory.getInstance()Lorg/openqa/selenium/WebDriver;]]>
            </message>
            <full-stacktrace>
              <![CDATA[java.lang.NoSuchMethodError: selcommns.Factories$WebDriverFactory.getInstance()Lorg/openqa/selenium/WebDriver;
	at rc.qaportal.web.automation.aramark.utilities.UserLoginUtility.loginToAramarkPortal(UserLoginUtility.java:15)
	at rc.qaportal.web.automation.aramark.utilities.SuperUserLoginUtility.loginAsSuperUser(SuperUserLoginUtility.java:32)
	at rc.qaportal.web.automation.aramark.utilities.SuperUserLoginUtilityTest.login_super_preqa_cps(SuperUserLoginUtilityTest.java:58)
	at sun.reflect.NativeMethodAccessorImpl.invoke0(Native Method)
	at sun.reflect.NativeMethodAccessorImpl.invoke(NativeMethodAccessorImpl.java:62)
	at sun.reflect.DelegatingMethodAccessorImpl.invoke(DelegatingMethodAccessorImpl.java:43)
	at java.lang.reflect.Method.invoke(Method.java:483)
	at org.testng.internal.MethodInvocationHelper.invokeMethod(MethodInvocationHelper.java:85)
	at org.testng.internal.Invoker.invokeMethod(Invoker.java:696)
	at org.testng.internal.Invoker.invokeTestMethod(Invoker.java:882)
	at org.testng.internal.Invoker.invokeTestMethods(Invoker.java:1189)
	at org.testng.internal.TestMethodWorker.invokeTestMethods(TestMethodWorker.java:124)
	at org.testng.internal.TestMethodWorker.run(TestMethodWorker.java:108)
	at org.testng.TestRunner.privateRun(TestRunner.java:767)
	at org.testng.TestRunner.run(TestRunner.java:617)
	at org.testng.SuiteRunner.runTest(SuiteRunner.java:348)
	at org.testng.SuiteRunner.runSequentially(SuiteRunner.java:343)
	at org.testng.SuiteRunner.privateRun(SuiteRunner.java:305)
	at org.testng.SuiteRunner.run(SuiteRunner.java:254)
	at org.testng.SuiteRunnerWorker.runSuite(SuiteRunnerWorker.java:52)
	at org.testng.SuiteRunnerWorker.run(SuiteRunnerWorker.java:86)
	at org.testng.TestNG.runSuitesSequentially(TestNG.java:1224)
	at org.testng.TestNG.runSuitesLocally(TestNG.java:1149)
	at org.testng.TestNG.run(TestNG.java:1057)
	at org.apache.maven.surefire.testng.TestNGExecutor.run(TestNGExecutor.java:295)
	at org.apache.maven.surefire.testng.TestNGXmlTestSuite.execute(TestNGXmlTestSuite.java:84)
	at org.apache.maven.surefire.testng.TestNGProvider.invoke(TestNGProvider.java:90)
	at org.apache.maven.surefire.booter.ForkedBooter.invokeProviderInSameClassLoader(ForkedBooter.java:203)
	at org.apache.maven.surefire.booter.ForkedBooter.runSuitesInProcess(ForkedBooter.java:155)
	at org.apache.maven.surefire.booter.ForkedBooter.main(ForkedBooter.java:103)
]]>
            </full-stacktrace>
          </exception> <!-- java.lang.NoSuchMethodError -->
          <reporter-output>
          </reporter-output>
        </test-method> <!-- login_super_preqa_cps -->
        <test-method status="FAIL" signature="login_super_preqa_gespra()[pri:0, instance:rc.qaportal.web.automation.aramark.utilities.SuperUserLoginUtilityTest@3cb5cdba]" name="login_super_preqa_gespra" duration-ms="0" started-at="2015-03-24T22:05:12Z" finished-at="2015-03-24T22:05:12Z">
          <exception class="java.lang.NoSuchMethodError">
            <message>
              <![CDATA[selcommns.Factories$WebDriverFactory.getInstance()Lorg/openqa/selenium/WebDriver;]]>
            </message>
            <full-stacktrace>
              <![CDATA[java.lang.NoSuchMethodError: selcommns.Factories$WebDriverFactory.getInstance()Lorg/openqa/selenium/WebDriver;
	at rc.qaportal.web.automation.aramark.utilities.UserLoginUtility.loginToAramarkPortal(UserLoginUtility.java:15)
	at rc.qaportal.web.automation.aramark.utilities.SuperUserLoginUtility.loginAsSuperUser(SuperUserLoginUtility.java:32)
	at rc.qaportal.web.automation.aramark.utilities.SuperUserLoginUtilityTest.login_super_preqa_gespra(SuperUserLoginUtilityTest.java:65)
	at sun.reflect.NativeMethodAccessorImpl.invoke0(Native Method)
	at sun.reflect.NativeMethodAccessorImpl.invoke(NativeMethodAccessorImpl.java:62)
	at sun.reflect.DelegatingMethodAccessorImpl.invoke(DelegatingMethodAccessorImpl.java:43)
	at java.lang.reflect.Method.invoke(Method.java:483)
	at org.testng.internal.MethodInvocationHelper.invokeMethod(MethodInvocationHelper.java:85)
	at org.testng.internal.Invoker.invokeMethod(Invoker.java:696)
	at org.testng.internal.Invoker.invokeTestMethod(Invoker.java:882)
	at org.testng.internal.Invoker.invokeTestMethods(Invoker.java:1189)
	at org.testng.internal.TestMethodWorker.invokeTestMethods(TestMethodWorker.java:124)
	at org.testng.internal.TestMethodWorker.run(TestMethodWorker.java:108)
	at org.testng.TestRunner.privateRun(TestRunner.java:767)
	at org.testng.TestRunner.run(TestRunner.java:617)
	at org.testng.SuiteRunner.runTest(SuiteRunner.java:348)
	at org.testng.SuiteRunner.runSequentially(SuiteRunner.java:343)
	at org.testng.SuiteRunner.privateRun(SuiteRunner.java:305)
	at org.testng.SuiteRunner.run(SuiteRunner.java:254)
	at org.testng.SuiteRunnerWorker.runSuite(SuiteRunnerWorker.java:52)
	at org.testng.SuiteRunnerWorker.run(SuiteRunnerWorker.java:86)
	at org.testng.TestNG.runSuitesSequentially(TestNG.java:1224)
	at org.testng.TestNG.runSuitesLocally(TestNG.java:1149)
	at org.testng.TestNG.run(TestNG.java:1057)
	at org.apache.maven.surefire.testng.TestNGExecutor.run(TestNGExecutor.java:295)
	at org.apache.maven.surefire.testng.TestNGXmlTestSuite.execute(TestNGXmlTestSuite.java:84)
	at org.apache.maven.surefire.testng.TestNGProvider.invoke(TestNGProvider.java:90)
	at org.apache.maven.surefire.booter.ForkedBooter.invokeProviderInSameClassLoader(ForkedBooter.java:203)
	at org.apache.maven.surefire.booter.ForkedBooter.runSuitesInProcess(ForkedBooter.java:155)
	at org.apache.maven.surefire.booter.ForkedBooter.main(ForkedBooter.java:103)
]]>
            </full-stacktrace>
          </exception> <!-- java.lang.NoSuchMethodError -->
          <reporter-output>
          </reporter-output>
        </test-method> <!-- login_super_preqa_gespra -->
        <test-method status="PASS" signature="preqa_super_user_credentials_for_cps()[pri:0, instance:rc.qaportal.web.automation.aramark.utilities.SuperUserLoginUtilityTest@3cb5cdba]" name="preqa_super_user_credentials_for_cps" duration-ms="0" started-at="2015-03-24T22:05:12Z" finished-at="2015-03-24T22:05:12Z">
          <reporter-output>
          </reporter-output>
        </test-method> <!-- preqa_super_user_credentials_for_cps -->
        <test-method status="PASS" signature="preqa_super_user_credentials_for_gespra()[pri:0, instance:rc.qaportal.web.automation.aramark.utilities.SuperUserLoginUtilityTest@3cb5cdba]" name="preqa_super_user_credentials_for_gespra" duration-ms="0" started-at="2015-03-24T22:05:12Z" finished-at="2015-03-24T22:05:12Z">
          <reporter-output>
          </reporter-output>
        </test-method> <!-- preqa_super_user_credentials_for_gespra -->
      </class> <!-- rc.qaportal.web.automation.aramark.utilities.SuperUserLoginUtilityTest -->
    </test> <!-- Utilities Package Test -->
  </suite> <!-- office-desktop -->
</testng-results>
