<?xml version="1.0" encoding="UTF-8"?>
<testsuite name="TestSuite" time="0.085" tests="8" errors="0" skipped="0" failures="4">
  <properties>
[...]
</properties>
  <testcase name="dev2_super_user_credentials_for_cps" classname="rc.qaportal.web.automation.aramark.utilities.SuperUserLoginUtilityTest" time="0.017"/>
  <testcase name="dev2_super_user_credentials_for_gespra" classname="rc.qaportal.web.automation.aramark.utilities.SuperUserLoginUtilityTest" time="0"/>
  <testcase name="login_super_dev2_cps" classname="rc.qaportal.web.automation.aramark.utilities.SuperUserLoginUtilityTest" time="0.066">
    <failure message="selcommns.Factories$WebDriverFactory.getInstance()Lorg/openqa/selenium/WebDriver;" type="java.lang.NoSuchMethodError">java.lang.NoSuchMethodError: selcommns.Factories$WebDriverFactory.getInstance()Lorg/openqa/selenium/WebDriver;
	at rc.qaportal.web.automation.aramark.utilities.UserLoginUtility.loginToAramarkPortal(UserLoginUtility.java:15)
	at rc.qaportal.web.automation.aramark.utilities.SuperUserLoginUtility.loginAsSuperUser(SuperUserLoginUtility.java:32)
	at rc.qaportal.web.automation.aramark.utilities.SuperUserLoginUtilityTest.login_super_dev2_cps(SuperUserLoginUtilityTest.java:44)
</failure>
  </testcase>
  <testcase name="login_super_dev2_gespra" classname="rc.qaportal.web.automation.aramark.utilities.SuperUserLoginUtilityTest" time="0.001">
    <failure message="selcommns.Factories$WebDriverFactory.getInstance()Lorg/openqa/selenium/WebDriver;" type="java.lang.NoSuchMethodError">java.lang.NoSuchMethodError: selcommns.Factories$WebDriverFactory.getInstance()Lorg/openqa/selenium/WebDriver;
	at rc.qaportal.web.automation.aramark.utilities.UserLoginUtility.loginToAramarkPortal(UserLoginUtility.java:15)
	at rc.qaportal.web.automation.aramark.utilities.SuperUserLoginUtility.loginAsSuperUser(SuperUserLoginUtility.java:32)
	at rc.qaportal.web.automation.aramark.utilities.SuperUserLoginUtilityTest.login_super_dev2_gespra(SuperUserLoginUtilityTest.java:51)
</failure>
  </testcase>
  <testcase name="login_super_preqa_cps" classname="rc.qaportal.web.automation.aramark.utilities.SuperUserLoginUtilityTest" time="0">
    <failure message="selcommns.Factories$WebDriverFactory.getInstance()Lorg/openqa/selenium/WebDriver;" type="java.lang.NoSuchMethodError">java.lang.NoSuchMethodError: selcommns.Factories$WebDriverFactory.getInstance()Lorg/openqa/selenium/WebDriver;
	at rc.qaportal.web.automation.aramark.utilities.UserLoginUtility.loginToAramarkPortal(UserLoginUtility.java:15)
	at rc.qaportal.web.automation.aramark.utilities.SuperUserLoginUtility.loginAsSuperUser(SuperUserLoginUtility.java:32)
	at rc.qaportal.web.automation.aramark.utilities.SuperUserLoginUtilityTest.login_super_preqa_cps(SuperUserLoginUtilityTest.java:58)
</failure>
  </testcase>
  <testcase name="login_super_preqa_gespra" classname="rc.qaportal.web.automation.aramark.utilities.SuperUserLoginUtilityTest" time="0">
    <failure message="selcommns.Factories$WebDriverFactory.getInstance()Lorg/openqa/selenium/WebDriver;" type="java.lang.NoSuchMethodError">java.lang.NoSuchMethodError: selcommns.Factories$WebDriverFactory.getInstance()Lorg/openqa/selenium/WebDriver;
	at rc.qaportal.web.automation.aramark.utilities.UserLoginUtility.loginToAramarkPortal(UserLoginUtility.java:15)
	at rc.qaportal.web.automation.aramark.utilities.SuperUserLoginUtility.loginAsSuperUser(SuperUserLoginUtility.java:32)
	at rc.qaportal.web.automation.aramark.utilities.SuperUserLoginUtilityTest.login_super_preqa_gespra(SuperUserLoginUtilityTest.java:65)
</failure>
  </testcase>
  <testcase name="preqa_super_user_credentials_for_cps" classname="rc.qaportal.web.automation.aramark.utilities.SuperUserLoginUtilityTest" time="0"/>
  <testcase name="preqa_super_user_credentials_for_gespra" classname="rc.qaportal.web.automation.aramark.utilities.SuperUserLoginUtilityTest" time="0.001"/>
</testsuite>