<?xml version="1.0" encoding="UTF-8"?>
<!-- Generated by org.testng.reporters.JUnitXMLReporter -->
<testsuite hostname="ubuntu" name="Command line test" tests="5" failures="0" timestamp="25 Mar 2015 12:10:55 GMT" time="0.039" errors="0">
  <testcase name="must_accept_a_regex_pattern_as_string" time="0.018" classname="regexpatterntester.PatternMatcherTest"/>
  <testcase name="must_accept_an_input_string" time="0.001" classname="regexpatterntester.PatternMatcherTest"/>
  <testcase name="must_make_a_pattern_match_for_the_given_input_string" time="0.0" classname="regexpatterntester.PatternMatcherTest"/>
  <testcase name="must_return_a_regex_pattern_as_string" time="0.005" classname="regexpatterntester.PatternMatcherTest"/>
  <testcase name="must_throw_illegal_state_exception_when_no_input_string_is_provided_prior" time="0.001" classname="regexpatterntester.PatternMatcherTest"/>
</testsuite> <!-- Command line test -->
