<?xml version="1.0" encoding="UTF-8"?>
<!-- Generated by org.testng.reporters.JUnitXMLReporter -->
<testsuite hostname="ubuntu" name="Command line test" tests="5" failures="0" timestamp="9 Mar 2015 11:42:46 GMT" time="0.076" errors="0">
  <testcase name="must_accept_a_regex_pattern_as_string" time="0.033" classname="regexpatterntester.PatternMatcherTest"/>
  <testcase name="must_accept_an_input_string" time="0.006" classname="regexpatterntester.PatternMatcherTest"/>
  <testcase name="must_make_a_pattern_match_for_the_given_input_string" time="0.003" classname="regexpatterntester.PatternMatcherTest"/>
  <testcase name="must_return_a_regex_pattern_as_string" time="0.006" classname="regexpatterntester.PatternMatcherTest"/>
  <testcase name="must_throw_illegal_state_exception_when_no_input_string_is_provided_prior" time="0.0" classname="regexpatterntester.PatternMatcherTest"/>
</testsuite> <!-- Command line test -->
