<?xml version="1.0" encoding="UTF-8"?>
<!-- Generated by org.testng.reporters.JUnitXMLReporter -->
<testsuite hostname="ubuntu" name="Surefire test" tests="17" failures="0" timestamp="31 Mar 2015 15:11:31 GMT" time="0.225" errors="0">
  <testcase name="instantiate_a_test_class" time="0.005" classname="com.rc.wefunit.TestClassInstantiationUtilityTest"/>
  <testcase name="notNull" time="0.003" classname="com.rc.wefunit.probes.AssertTest"/>
  <testcase name="getTestClassesSet" time="0.074" classname="com.rc.wefunit.RunnerTest"/>
  <testcase name="instantiateTestClass" time="0.001" classname="com.rc.wefunit.RunnerTest"/>
  <testcase name="instantiateTestClass_is_private" time="0.0" classname="com.rc.wefunit.RunnerTest"/>
  <testcase name="scan_for_test_classes" time="0.014" classname="com.rc.wefunit.RunnerTest"/>
  <testcase name="scan_for_test_classes_must_throw_IllegalStateException_when_WEB_INF_dir_is_not_a_wef_project" time="0.014" classname="com.rc.wefunit.RunnerTest"/>
  <testcase name="web_INF_directory_path_web_inf_as_last_directory" time="0.007" classname="com.rc.wefunit.RunnerTest"/>
  <testcase name="is_dataServiceName_string_field_contains_Inject_annotation" time="0.012" classname="com.rc.wefunit.GenericServiceOperationTestTest"/>
  <testcase name="is_dataServiceName_string_field_is_present" time="0.0" classname="com.rc.wefunit.GenericServiceOperationTestTest"/>
  <testcase name="is_serviceOperationName_string_field_contains_Inject_annotation" time="0.0" classname="com.rc.wefunit.GenericServiceOperationTestTest"/>
  <testcase name="is_serviceOperationName_string_field_is_protected" time="0.0" classname="com.rc.wefunit.GenericServiceOperationTestTest"/>
  <testcase name="is_serviceOperationName_string_field_present" time="0.0" classname="com.rc.wefunit.GenericServiceOperationTestTest"/>
  <testcase name="is_service_operation_exists" time="0.005" classname="com.rc.wefunit.GenericServiceOperationTestTest"/>
  <testcase name="is_service_operation_exists_method_should_have_Test_annotation" time="0.003" classname="com.rc.wefunit.GenericServiceOperationTestTest"/>
  <testcase name="is_webAppAccess_field_with_service_consumer_fixtures_annotation_available" time="0.005" classname="com.rc.wefunit.GenericServiceOperationTestTest"/>
  <testcase name="is_webAppAccess_field_with_service_consumer_fixtures_annotation_is_protected" time="0.001" classname="com.rc.wefunit.GenericServiceOperationTestTest"/>
</testsuite> <!-- Surefire test -->
