<?xml version="1.0" encoding="UTF-8"?>
<!-- Generated by org.testng.reporters.JUnitXMLReporter -->
<testsuite hostname="ubuntu" name="Surefire test" tests="24" failures="0" timestamp="2 Apr 2015 11:41:40 GMT" time="0.308" errors="0">
  <testcase name="instantiate_subclass_of_GenericServiceOperationTest_serviceOperationName" time="0.034" classname="com.rc.wefunit.TestClassInstantiationUtilityTest"/>
  <testcase name="instantiate_subclass_of_GenericServiceOperationTest_serviceOperationName_field_1" time="0.004" classname="com.rc.wefunit.TestClassInstantiationUtilityTest"/>
  <testcase name="instantiate_subclass_of_GenericServiceOperationTest_serviceOperationName_field_2" time="0.001" classname="com.rc.wefunit.TestClassInstantiationUtilityTest"/>
  <testcase name="BeforeClass_annotation" time="0.004" classname="com.rc.wefunit.annotations.BeforeClassTest"/>
  <testcase name="BeforeClass_annotation_RetentionPolicy_RUNTIME" time="0.005" classname="com.rc.wefunit.annotations.BeforeClassTest"/>
  <testcase name="BeforeClass_annotation_Target_METHOD" time="0.001" classname="com.rc.wefunit.annotations.BeforeClassTest"/>
  <testcase name="BeforeClass_annotation_enabled_method_default_value_true" time="0.0" classname="com.rc.wefunit.annotations.BeforeClassTest"/>
  <testcase name="notNull" time="0.001" classname="com.rc.wefunit.probes.AssertTest"/>
  <testcase name="getTestClassesSet" time="0.089" classname="com.rc.wefunit.RunnerTest"/>
  <testcase name="scan_for_test_classes" time="0.016" classname="com.rc.wefunit.RunnerTest"/>
  <testcase name="scan_for_test_classes_must_throw_IllegalStateException_when_WEB_INF_dir_is_not_a_wef_project" time="0.01" classname="com.rc.wefunit.RunnerTest"/>
  <testcase name="web_INF_directory_path_web_inf_as_last_directory" time="0.021" classname="com.rc.wefunit.RunnerTest"/>
  <testcase name="getter_for_dataServiceName" time="0.002" classname="com.rc.wefunit.GenericServiceOperationTestTest"/>
  <testcase name="getter_for_serviceOperationName" time="0.001" classname="com.rc.wefunit.GenericServiceOperationTestTest"/>
  <testcase name="getter_for_webAppAccess" time="0.001" classname="com.rc.wefunit.GenericServiceOperationTestTest"/>
  <testcase name="is_dataServiceName_string_field_contains_Inject_annotation" time="0.008" classname="com.rc.wefunit.GenericServiceOperationTestTest"/>
  <testcase name="is_dataServiceName_string_field_is_present" time="0.0" classname="com.rc.wefunit.GenericServiceOperationTestTest"/>
  <testcase name="is_serviceOperationName_string_field_contains_Inject_annotation" time="0.0" classname="com.rc.wefunit.GenericServiceOperationTestTest"/>
  <testcase name="is_serviceOperationName_string_field_is_protected" time="0.0" classname="com.rc.wefunit.GenericServiceOperationTestTest"/>
  <testcase name="is_serviceOperationName_string_field_present" time="0.0" classname="com.rc.wefunit.GenericServiceOperationTestTest"/>
  <testcase name="is_service_operation_exists" time="0.0" classname="com.rc.wefunit.GenericServiceOperationTestTest"/>
  <testcase name="is_service_operation_exists_method_should_have_Test_annotation" time="0.006" classname="com.rc.wefunit.GenericServiceOperationTestTest"/>
  <testcase name="is_webAppAccess_field_with_service_consumer_fixtures_annotation_available" time="0.001" classname="com.rc.wefunit.GenericServiceOperationTestTest"/>
  <testcase name="is_webAppAccess_field_with_service_consumer_fixtures_annotation_is_protected" time="0.0" classname="com.rc.wefunit.GenericServiceOperationTestTest"/>
</testsuite> <!-- Surefire test -->
